PhotoViewer/apiDemos/build/outputs/apk/manifest-merger-debug-report.txt
-- Merging decision tree log ---
manifest
ADDED from AndroidManifest.xml:22:1
	package
		ADDED from AndroidManifest.xml:23:5
		INJECTED from AndroidManifest.xml:0:0
		INJECTED from AndroidManifest.xml:0:0
	xmlns:android
		ADDED from AndroidManifest.xml:22:11
uses-permission#android.permission.READ_CONTACTS
ADDED from AndroidManifest.xml:25:5
	android:name
		ADDED from AndroidManifest.xml:25:22
uses-permission#android.permission.WRITE_CONTACTS
ADDED from AndroidManifest.xml:26:5
	android:name
		ADDED from AndroidManifest.xml:26:22
uses-permission#android.permission.VIBRATE
ADDED from AndroidManifest.xml:27:5
	android:name
		ADDED from AndroidManifest.xml:27:22
uses-permission#android.permission.ACCESS_COARSE_LOCATION
ADDED from AndroidManifest.xml:28:5
	android:name
		ADDED from AndroidManifest.xml:28:22
uses-permission#android.permission.INTERNET
ADDED from AndroidManifest.xml:29:5
	android:name
		ADDED from AndroidManifest.xml:29:22
uses-permission#android.permission.SET_WALLPAPER
ADDED from AndroidManifest.xml:30:5
	android:name
		ADDED from AndroidManifest.xml:30:22
uses-permission#android.permission.WRITE_EXTERNAL_STORAGE
ADDED from AndroidManifest.xml:31:5
	android:name
		ADDED from AndroidManifest.xml:31:22
uses-permission#android.permission.SEND_SMS
ADDED from AndroidManifest.xml:32:5
	android:name
		ADDED from AndroidManifest.xml:32:22
uses-permission#android.permission.RECEIVE_SMS
ADDED from AndroidManifest.xml:33:5
	android:name
		ADDED from AndroidManifest.xml:33:22
uses-permission#android.permission.NFC
ADDED from AndroidManifest.xml:34:5
	android:name
		ADDED from AndroidManifest.xml:34:22
uses-permission#android.permission.TRANSMIT_IR
ADDED from AndroidManifest.xml:35:5
	android:name
		ADDED from AndroidManifest.xml:35:22
uses-permission#android.permission.RECORD_AUDIO
ADDED from AndroidManifest.xml:38:5
	android:name
		ADDED from AndroidManifest.xml:38:22
uses-sdk
ADDED from AndroidManifest.xml:40:5
MERGED from com.android.support:support-v4:21.0.3:15:5
	android:targetSdkVersion
		ADDED from AndroidManifest.xml:40:41
		INJECTED from AndroidManifest.xml:0:0
		INJECTED from AndroidManifest.xml:0:0
	android:minSdkVersion
		ADDED from AndroidManifest.xml:40:15
		INJECTED from AndroidManifest.xml:0:0
		INJECTED from AndroidManifest.xml:0:0
uses-permission#android.permission.CAMERA
ADDED from AndroidManifest.xml:44:5
	android:name
		ADDED from AndroidManifest.xml:44:22
uses-feature#android.hardware.camera
ADDED from AndroidManifest.xml:45:5
	android:name
		ADDED from AndroidManifest.xml:45:19
uses-feature#android.hardware.camera.autofocus
ADDED from AndroidManifest.xml:46:5
	android:required
		ADDED from AndroidManifest.xml:46:68
	android:name
		ADDED from AndroidManifest.xml:46:19
application
ADDED from AndroidManifest.xml:48:5
MERGED from com.android.support:support-v4:21.0.3:16:5
	android:label
		ADDED from AndroidManifest.xml:49:13
	android:supportsRtl
		ADDED from AndroidManifest.xml:52:13
	android:hardwareAccelerated
		ADDED from AndroidManifest.xml:51:13
	android:icon
		ADDED from AndroidManifest.xml:50:13
	android:name
		ADDED from AndroidManifest.xml:48:18
uses-library#com.example.will.never.exist
ADDED from AndroidManifest.xml:56:9
	android:required
		ADDED from AndroidManifest.xml:56:67
	android:name
		ADDED from AndroidManifest.xml:56:23
activity#com.example.android.apis.ApiDemos
ADDED from AndroidManifest.xml:58:9
	android:name
		ADDED from AndroidManifest.xml:58:19
intent-filter#android.intent.action.MAIN+android.intent.category.DEFAULT+android.intent.category.LAUNCHER
ADDED from AndroidManifest.xml:59:13
action#android.intent.action.MAIN
ADDED from AndroidManifest.xml:60:17
	android:name
		ADDED from AndroidManifest.xml:60:25
category#android.intent.category.DEFAULT
ADDED from AndroidManifest.xml:61:17
	android:name
		ADDED from AndroidManifest.xml:61:27
category#android.intent.category.LAUNCHER
ADDED from AndroidManifest.xml:62:17
	android:name
		ADDED from AndroidManifest.xml:62:27
activity#com.example.android.apis.app.HelloWorld
ADDED from AndroidManifest.xml:72:9
	android:label
		ADDED from AndroidManifest.xml:72:50
	android:name
		ADDED from AndroidManifest.xml:72:19
intent-filter#android.intent.action.MAIN+android.intent.category.SAMPLE_CODE
ADDED from AndroidManifest.xml:73:13
category#android.intent.category.SAMPLE_CODE
ADDED from AndroidManifest.xml:75:17
	android:name
		ADDED from AndroidManifest.xml:75:27
activity#com.example.android.apis.app.DialogActivity
ADDED from AndroidManifest.xml:79:9
	android:label
		ADDED from AndroidManifest.xml:80:17
	android:theme
		ADDED from AndroidManifest.xml:81:17
	android:name
		ADDED from AndroidManifest.xml:79:19
activity#com.example.android.apis.app.CustomDialogActivity
ADDED from AndroidManifest.xml:88:9
	android:label
		ADDED from AndroidManifest.xml:89:17
	android:theme
		ADDED from AndroidManifest.xml:90:17
	android:name
		ADDED from AndroidManifest.xml:88:19
activity#com.example.android.apis.app.OverscanActivity
ADDED from AndroidManifest.xml:97:9
	android:enabled
		ADDED from AndroidManifest.xml:100:17
	android:label
		ADDED from AndroidManifest.xml:98:17
	android:theme
		ADDED from AndroidManifest.xml:99:17
	android:name
		ADDED from AndroidManifest.xml:97:19
activity#com.example.android.apis.app.QuickContactsDemo
ADDED from AndroidManifest.xml:107:8
	android:label
		ADDED from AndroidManifest.xml:108:17
	android:name
		ADDED from AndroidManifest.xml:107:18
activity#com.example.android.apis.app.WallpaperActivity
ADDED from AndroidManifest.xml:115:9
	android:label
		ADDED from AndroidManifest.xml:116:17
	android:theme
		ADDED from AndroidManifest.xml:117:17
	android:name
		ADDED from AndroidManifest.xml:115:19
activity#com.example.android.apis.app.TranslucentActivity
ADDED from AndroidManifest.xml:124:9
	android:label
		ADDED from AndroidManifest.xml:125:17
	android:theme
		ADDED from AndroidManifest.xml:126:17
	android:name
		ADDED from AndroidManifest.xml:124:19
activity#com.example.android.apis.app.TranslucentBlurActivity
ADDED from AndroidManifest.xml:133:9
	android:label
		ADDED from AndroidManifest.xml:134:17
	android:theme
		ADDED from AndroidManifest.xml:135:17
	android:name
		ADDED from AndroidManifest.xml:133:19
activity#com.example.android.apis.app.Animation
ADDED from AndroidManifest.xml:142:9
	android:label
		ADDED from AndroidManifest.xml:142:49
	android:name
		ADDED from AndroidManifest.xml:142:19
activity#com.example.android.apis.app.SaveRestoreState
ADDED from AndroidManifest.xml:149:9
	android:label
		ADDED from AndroidManifest.xml:150:17
	android:windowSoftInputMode
		ADDED from AndroidManifest.xml:151:17
	android:name
		ADDED from AndroidManifest.xml:149:19
activity#com.example.android.apis.app.PersistentState
ADDED from AndroidManifest.xml:158:9
	android:label
		ADDED from AndroidManifest.xml:159:17
	android:windowSoftInputMode
		ADDED from AndroidManifest.xml:160:17
	android:name
		ADDED from AndroidManifest.xml:158:19
activity#com.example.android.apis.app.ActivityRecreate
ADDED from AndroidManifest.xml:167:9
	android:enabled
		ADDED from AndroidManifest.xml:169:17
	android:label
		ADDED from AndroidManifest.xml:168:17
	android:name
		ADDED from AndroidManifest.xml:167:19
activity#com.example.android.apis.app.FinishAffinity
ADDED from AndroidManifest.xml:176:9
	android:enabled
		ADDED from AndroidManifest.xml:179:17
	android:label
		ADDED from AndroidManifest.xml:177:17
	android:taskAffinity
		ADDED from AndroidManifest.xml:178:17
	android:name
		ADDED from AndroidManifest.xml:176:19
activity#com.example.android.apis.app.SoftInputModes
ADDED from AndroidManifest.xml:186:9
	android:label
		ADDED from AndroidManifest.xml:187:17
	android:name
		ADDED from AndroidManifest.xml:186:19
activity#com.example.android.apis.app.ReceiveResult
ADDED from AndroidManifest.xml:194:9
	android:label
		ADDED from AndroidManifest.xml:194:53
	android:name
		ADDED from AndroidManifest.xml:194:19
activity#com.example.android.apis.app.SendResult
ADDED from AndroidManifest.xml:201:9
	android:theme
		ADDED from AndroidManifest.xml:202:17
	android:name
		ADDED from AndroidManifest.xml:201:19
activity#com.example.android.apis.app.Forwarding
ADDED from AndroidManifest.xml:205:9
	android:label
		ADDED from AndroidManifest.xml:205:50
	android:name
		ADDED from AndroidManifest.xml:205:19
activity#com.example.android.apis.app.ForwardTarget
ADDED from AndroidManifest.xml:212:9
	android:name
		ADDED from AndroidManifest.xml:212:19
activity#com.example.android.apis.app.RedirectEnter
ADDED from AndroidManifest.xml:215:9
	android:label
		ADDED from AndroidManifest.xml:215:53
	android:name
		ADDED from AndroidManifest.xml:215:19
activity#com.example.android.apis.app.RedirectMain
ADDED from AndroidManifest.xml:222:9
	android:name
		ADDED from AndroidManifest.xml:222:19
activity#com.example.android.apis.app.RedirectGetter
ADDED from AndroidManifest.xml:225:9
	android:name
		ADDED from AndroidManifest.xml:225:19
activity#com.example.android.apis.app.CustomTitle
ADDED from AndroidManifest.xml:230:9
	android:label
		ADDED from AndroidManifest.xml:231:17
	android:windowSoftInputMode
		ADDED from AndroidManifest.xml:232:17
	android:theme
		ADDED from AndroidManifest.xml:233:17
	android:name
		ADDED from AndroidManifest.xml:230:19
activity#com.example.android.apis.app.ReorderOnLaunch
ADDED from AndroidManifest.xml:240:9
	android:label
		ADDED from AndroidManifest.xml:241:17
	android:name
		ADDED from AndroidManifest.xml:240:19
activity#com.example.android.apis.app.RotationAnimation
ADDED from AndroidManifest.xml:248:9
	android:label
		ADDED from AndroidManifest.xml:249:17
	android:name
		ADDED from AndroidManifest.xml:248:19
activity#com.example.android.apis.app.ReorderTwo
ADDED from AndroidManifest.xml:256:9
	android:name
		ADDED from AndroidManifest.xml:256:19
activity#com.example.android.apis.app.ReorderThree
ADDED from AndroidManifest.xml:257:9
	android:name
		ADDED from AndroidManifest.xml:257:19
activity#com.example.android.apis.app.ReorderFour
ADDED from AndroidManifest.xml:258:9
	android:name
		ADDED from AndroidManifest.xml:258:19
activity#com.example.android.apis.app.SetWallpaperActivity
ADDED from AndroidManifest.xml:260:9
	android:label
		ADDED from AndroidManifest.xml:261:19
	android:name
		ADDED from AndroidManifest.xml:260:19
activity#com.example.android.apis.app.ScreenOrientation
ADDED from AndroidManifest.xml:268:9
	android:label
		ADDED from AndroidManifest.xml:269:19
	android:name
		ADDED from AndroidManifest.xml:268:19
activity#com.example.android.apis.app.PresentationActivity
ADDED from AndroidManifest.xml:276:9
	android:label
		ADDED from AndroidManifest.xml:277:17
	android:name
		ADDED from AndroidManifest.xml:276:19
activity#com.example.android.apis.app.PresentationWithMediaRouterActivity
ADDED from AndroidManifest.xml:284:9
	android:label
		ADDED from AndroidManifest.xml:285:17
	android:name
		ADDED from AndroidManifest.xml:284:19
activity#com.example.android.apis.app.SecureWindowActivity
ADDED from AndroidManifest.xml:292:9
	android:label
		ADDED from AndroidManifest.xml:293:17
	android:name
		ADDED from AndroidManifest.xml:292:19
activity#com.example.android.apis.app.SecureDialogActivity
ADDED from AndroidManifest.xml:300:9
	android:label
		ADDED from AndroidManifest.xml:301:17
	android:name
		ADDED from AndroidManifest.xml:300:19
activity#com.example.android.apis.app.SecureSurfaceViewActivity
ADDED from AndroidManifest.xml:308:9
	android:label
		ADDED from AndroidManifest.xml:309:17
	android:name
		ADDED from AndroidManifest.xml:308:19
activity#com.example.android.apis.app.FragmentAlertDialog
ADDED from AndroidManifest.xml:318:9
	android:enabled
		ADDED from AndroidManifest.xml:320:17
	android:label
		ADDED from AndroidManifest.xml:319:17
	android:name
		ADDED from AndroidManifest.xml:318:19
activity#com.example.android.apis.app.FragmentArguments
ADDED from AndroidManifest.xml:327:9
	android:enabled
		ADDED from AndroidManifest.xml:329:17
	android:label
		ADDED from AndroidManifest.xml:328:17
	android:name
		ADDED from AndroidManifest.xml:327:19
activity#com.example.android.apis.app.FragmentCustomAnimations
ADDED from AndroidManifest.xml:336:9
	android:enabled
		ADDED from AndroidManifest.xml:338:17
	android:label
		ADDED from AndroidManifest.xml:337:17
	android:name
		ADDED from AndroidManifest.xml:336:19
activity#com.example.android.apis.app.FragmentHideShow
ADDED from AndroidManifest.xml:345:9
	android:enabled
		ADDED from AndroidManifest.xml:348:17
	android:label
		ADDED from AndroidManifest.xml:346:17
	android:windowSoftInputMode
		ADDED from AndroidManifest.xml:347:17
	android:name
		ADDED from AndroidManifest.xml:345:19
activity#com.example.android.apis.app.FragmentContextMenu
ADDED from AndroidManifest.xml:355:9
	android:enabled
		ADDED from AndroidManifest.xml:357:17
	android:label
		ADDED from AndroidManifest.xml:356:17
	android:name
		ADDED from AndroidManifest.xml:355:19
activity#com.example.android.apis.app.FragmentDialog
ADDED from AndroidManifest.xml:364:9
	android:enabled
		ADDED from AndroidManifest.xml:366:17
	android:label
		ADDED from AndroidManifest.xml:365:17
	android:name
		ADDED from AndroidManifest.xml:364:19
activity#com.example.android.apis.app.FragmentDialogOrActivity
ADDED from AndroidManifest.xml:373:9
	android:enabled
		ADDED from AndroidManifest.xml:375:17
	android:label
		ADDED from AndroidManifest.xml:374:17
	android:name
		ADDED from AndroidManifest.xml:373:19
activity#com.example.android.apis.app.FragmentLayout
ADDED from AndroidManifest.xml:382:9
	android:enabled
		ADDED from AndroidManifest.xml:384:17
	android:label
		ADDED from AndroidManifest.xml:383:17
	android:name
		ADDED from AndroidManifest.xml:382:19
activity#com.example.android.apis.app.FragmentLayout$DetailsActivity
ADDED from AndroidManifest.xml:391:9
	android:enabled
		ADDED from AndroidManifest.xml:392:17
	android:name
		ADDED from AndroidManifest.xml:391:19
activity#com.example.android.apis.app.FragmentListArray
ADDED from AndroidManifest.xml:394:9
	android:enabled
		ADDED from AndroidManifest.xml:396:17
	android:label
		ADDED from AndroidManifest.xml:395:17
	android:name
		ADDED from AndroidManifest.xml:394:19
activity#com.example.android.apis.app.FragmentMenu
ADDED from AndroidManifest.xml:403:9
	android:enabled
		ADDED from AndroidManifest.xml:405:17
	android:label
		ADDED from AndroidManifest.xml:404:17
	android:name
		ADDED from AndroidManifest.xml:403:19
activity#com.example.android.apis.app.FragmentNestingTabs
ADDED from AndroidManifest.xml:412:9
	android:enabled
		ADDED from AndroidManifest.xml:414:17
	android:label
		ADDED from AndroidManifest.xml:413:17
	android:name
		ADDED from AndroidManifest.xml:412:19
activity#com.example.android.apis.app.FragmentRetainInstance
ADDED from AndroidManifest.xml:421:9
	android:enabled
		ADDED from AndroidManifest.xml:423:17
	android:label
		ADDED from AndroidManifest.xml:422:17
	android:name
		ADDED from AndroidManifest.xml:421:19
activity#com.example.android.apis.app.FragmentReceiveResult
ADDED from AndroidManifest.xml:430:9
	android:enabled
		ADDED from AndroidManifest.xml:432:17
	android:label
		ADDED from AndroidManifest.xml:431:17
	android:name
		ADDED from AndroidManifest.xml:430:19
activity#com.example.android.apis.app.FragmentStack
ADDED from AndroidManifest.xml:439:9
	android:enabled
		ADDED from AndroidManifest.xml:441:17
	android:label
		ADDED from AndroidManifest.xml:440:17
	android:name
		ADDED from AndroidManifest.xml:439:19
activity#com.example.android.apis.app.FragmentTabs
ADDED from AndroidManifest.xml:448:9
	android:enabled
		ADDED from AndroidManifest.xml:450:17
	android:label
		ADDED from AndroidManifest.xml:449:17
	android:name
		ADDED from AndroidManifest.xml:448:19
activity#com.example.android.apis.app.LoaderCursor
ADDED from AndroidManifest.xml:459:9
	android:enabled
		ADDED from AndroidManifest.xml:461:17
	android:label
		ADDED from AndroidManifest.xml:460:17
	android:name
		ADDED from AndroidManifest.xml:459:19
activity#com.example.android.apis.app.LoaderCustom
ADDED from AndroidManifest.xml:468:9
	android:enabled
		ADDED from AndroidManifest.xml:470:17
	android:label
		ADDED from AndroidManifest.xml:469:17
	android:name
		ADDED from AndroidManifest.xml:468:19
activity#com.example.android.apis.app.LoaderThrottle
ADDED from AndroidManifest.xml:478:9
	android:enabled
		ADDED from AndroidManifest.xml:480:17
	android:label
		ADDED from AndroidManifest.xml:479:17
	android:name
		ADDED from AndroidManifest.xml:478:19
provider#com.example.android.apis.app.LoaderThrottle$SimpleProvider
ADDED from AndroidManifest.xml:486:9
	android:authorities
		ADDED from AndroidManifest.xml:487:19
	android:enabled
		ADDED from AndroidManifest.xml:488:19
	android:name
		ADDED from AndroidManifest.xml:486:19
activity#com.example.android.apis.app.LoaderRetained
ADDED from AndroidManifest.xml:491:9
	android:enabled
		ADDED from AndroidManifest.xml:493:17
	android:label
		ADDED from AndroidManifest.xml:492:17
	android:name
		ADDED from AndroidManifest.xml:491:19
activity#com.example.android.apis.app.Intents
ADDED from AndroidManifest.xml:502:9
	android:label
		ADDED from AndroidManifest.xml:502:47
	android:name
		ADDED from AndroidManifest.xml:502:19
activity#com.example.android.apis.app.IntentActivityFlags
ADDED from AndroidManifest.xml:509:9
	android:label
		ADDED from AndroidManifest.xml:510:17
	android:name
		ADDED from AndroidManifest.xml:509:19
service#com.example.android.apis.app.LocalService
ADDED from AndroidManifest.xml:519:9
	android:stopWithTask
		ADDED from AndroidManifest.xml:519:51
	android:name
		ADDED from AndroidManifest.xml:519:18
activity#com.example.android.apis.app.LocalServiceActivities$Controller
ADDED from AndroidManifest.xml:521:9
	android:label
		ADDED from AndroidManifest.xml:522:17
	android:launchMode
		ADDED from AndroidManifest.xml:523:17
	android:name
		ADDED from AndroidManifest.xml:521:19
activity#com.example.android.apis.app.LocalServiceActivities$Binding
ADDED from AndroidManifest.xml:530:9
	android:label
		ADDED from AndroidManifest.xml:531:17
	android:name
		ADDED from AndroidManifest.xml:530:19
service#com.example.android.apis.app.MessengerService
ADDED from AndroidManifest.xml:539:9
	android:process
		ADDED from AndroidManifest.xml:540:17
	android:name
		ADDED from AndroidManifest.xml:539:18
activity#com.example.android.apis.app.MessengerServiceActivities$Binding
ADDED from AndroidManifest.xml:543:9
	android:label
		ADDED from AndroidManifest.xml:544:17
	android:name
		ADDED from AndroidManifest.xml:543:19
service#com.example.android.apis.app.RemoteService
ADDED from AndroidManifest.xml:551:9
	android:process
		ADDED from AndroidManifest.xml:551:52
	android:name
		ADDED from AndroidManifest.xml:551:18
intent-filter#com.example.android.apis.app.IRemoteService+com.example.android.apis.app.ISecondary+com.example.android.apis.app.REMOTE_SERVICE
ADDED from AndroidManifest.xml:552:13
action#com.example.android.apis.app.IRemoteService
ADDED from AndroidManifest.xml:555:17
	android:name
		ADDED from AndroidManifest.xml:555:25
action#com.example.android.apis.app.ISecondary
ADDED from AndroidManifest.xml:556:17
	android:name
		ADDED from AndroidManifest.xml:556:25
action#com.example.android.apis.app.REMOTE_SERVICE
ADDED from AndroidManifest.xml:559:17
	android:name
		ADDED from AndroidManifest.xml:559:25
activity#com.example.android.apis.app.RemoteService$Controller
ADDED from AndroidManifest.xml:563:9
	android:label
		ADDED from AndroidManifest.xml:564:17
	android:launchMode
		ADDED from AndroidManifest.xml:565:17
	android:name
		ADDED from AndroidManifest.xml:563:19
activity#com.example.android.apis.app.RemoteService$Binding
ADDED from AndroidManifest.xml:572:9
	android:label
		ADDED from AndroidManifest.xml:573:17
	android:name
		ADDED from AndroidManifest.xml:572:19
activity#com.example.android.apis.app.RemoteService$BindingOptions
ADDED from AndroidManifest.xml:580:9
	android:label
		ADDED from AndroidManifest.xml:581:17
	android:name
		ADDED from AndroidManifest.xml:580:19
service#com.example.android.apis.app.ServiceStartArguments
ADDED from AndroidManifest.xml:588:9
	android:name
		ADDED from AndroidManifest.xml:588:18
activity#com.example.android.apis.app.ServiceStartArguments$Controller
ADDED from AndroidManifest.xml:590:9
	android:label
		ADDED from AndroidManifest.xml:591:17
	android:launchMode
		ADDED from AndroidManifest.xml:592:17
	android:name
		ADDED from AndroidManifest.xml:590:19
service#com.example.android.apis.app.ForegroundService
ADDED from AndroidManifest.xml:599:9
	android:name
		ADDED from AndroidManifest.xml:599:18
activity#com.example.android.apis.app.ForegroundService$Controller
ADDED from AndroidManifest.xml:601:9
	android:label
		ADDED from AndroidManifest.xml:602:17
	android:launchMode
		ADDED from AndroidManifest.xml:603:17
	android:name
		ADDED from AndroidManifest.xml:601:19
activity#com.example.android.apis.app.IsolatedService$Controller
ADDED from AndroidManifest.xml:610:9
	android:enabled
		ADDED from AndroidManifest.xml:613:17
	android:label
		ADDED from AndroidManifest.xml:611:17
	android:launchMode
		ADDED from AndroidManifest.xml:612:17
	android:name
		ADDED from AndroidManifest.xml:610:19
service#com.example.android.apis.app.IsolatedService
ADDED from AndroidManifest.xml:620:9
	android:enabled
		ADDED from AndroidManifest.xml:621:17
	android:isolatedProcess
		ADDED from AndroidManifest.xml:620:54
	android:name
		ADDED from AndroidManifest.xml:620:18
service#com.example.android.apis.app.IsolatedService2
ADDED from AndroidManifest.xml:622:9
	android:enabled
		ADDED from AndroidManifest.xml:623:17
	android:isolatedProcess
		ADDED from AndroidManifest.xml:622:55
	android:name
		ADDED from AndroidManifest.xml:622:18
receiver#com.example.android.apis.app.OneShotAlarm
ADDED from AndroidManifest.xml:627:9
	android:process
		ADDED from AndroidManifest.xml:627:52
	android:name
		ADDED from AndroidManifest.xml:627:19
receiver#com.example.android.apis.app.RepeatingAlarm
ADDED from AndroidManifest.xml:629:9
	android:process
		ADDED from AndroidManifest.xml:629:54
	android:name
		ADDED from AndroidManifest.xml:629:19
activity#com.example.android.apis.app.AlarmController
ADDED from AndroidManifest.xml:631:9
	android:label
		ADDED from AndroidManifest.xml:631:55
	android:name
		ADDED from AndroidManifest.xml:631:19
service#com.example.android.apis.app.AlarmService_Service
ADDED from AndroidManifest.xml:638:9
	android:process
		ADDED from AndroidManifest.xml:638:59
	android:name
		ADDED from AndroidManifest.xml:638:18
activity#com.example.android.apis.app.AlarmService
ADDED from AndroidManifest.xml:640:9
	android:label
		ADDED from AndroidManifest.xml:640:52
	android:name
		ADDED from AndroidManifest.xml:640:19
receiver#com.example.android.apis.app.DoNothing
ADDED from AndroidManifest.xml:649:9
	android:process
		ADDED from AndroidManifest.xml:650:17
	android:exported
		ADDED from AndroidManifest.xml:650:42
	android:name
		ADDED from AndroidManifest.xml:649:19
activity#com.example.android.apis.accessibility.ClockBackActivity
ADDED from AndroidManifest.xml:656:9
	android:label
		ADDED from AndroidManifest.xml:657:13
	android:name
		ADDED from AndroidManifest.xml:656:19
service#com.example.android.apis.accessibility.ClockBackService
ADDED from AndroidManifest.xml:664:9
	android:label
		ADDED from AndroidManifest.xml:665:13
	android:permission
		ADDED from AndroidManifest.xml:666:13
	android:name
		ADDED from AndroidManifest.xml:664:18
intent-filter#android.accessibilityservice.AccessibilityService
ADDED from AndroidManifest.xml:667:13
action#android.accessibilityservice.AccessibilityService
ADDED from AndroidManifest.xml:668:17
	android:name
		ADDED from AndroidManifest.xml:668:25
activity#com.example.android.apis.accessibility.TaskListActivity
ADDED from AndroidManifest.xml:672:9
	android:enabled
		ADDED from AndroidManifest.xml:674:19
	android:label
		ADDED from AndroidManifest.xml:673:19
	android:name
		ADDED from AndroidManifest.xml:672:19
service#com.example.android.apis.accessibility.TaskBackService
ADDED from AndroidManifest.xml:681:9
	android:enabled
		ADDED from AndroidManifest.xml:683:18
	android:label
		ADDED from AndroidManifest.xml:682:18
	android:permission
		ADDED from AndroidManifest.xml:684:18
	android:name
		ADDED from AndroidManifest.xml:681:18
meta-data#android.accessibilityservice
ADDED from AndroidManifest.xml:688:13
	android:resource
		ADDED from AndroidManifest.xml:690:17
	android:name
		ADDED from AndroidManifest.xml:689:17
activity#com.example.android.apis.accessibility.CustomViewAccessibilityActivity
ADDED from AndroidManifest.xml:693:9
	android:enabled
		ADDED from AndroidManifest.xml:695:19
	android:label
		ADDED from AndroidManifest.xml:694:19
	android:name
		ADDED from AndroidManifest.xml:693:19
activity#com.example.android.apis.app.LocalSample
ADDED from AndroidManifest.xml:704:9
	android:label
		ADDED from AndroidManifest.xml:704:51
	android:name
		ADDED from AndroidManifest.xml:704:19
intent-filter#android.intent.action.MAIN
ADDED from AndroidManifest.xml:705:13
activity#com.example.android.apis.app.ContactsFilter
ADDED from AndroidManifest.xml:711:9
	android:label
		ADDED from AndroidManifest.xml:711:54
	android:name
		ADDED from AndroidManifest.xml:711:19
activity#com.example.android.apis.app.NotifyWithText
ADDED from AndroidManifest.xml:721:9
	android:label
		ADDED from AndroidManifest.xml:721:54
	android:name
		ADDED from AndroidManifest.xml:721:19
activity#com.example.android.apis.app.IncomingMessage
ADDED from AndroidManifest.xml:728:9
	android:label
		ADDED from AndroidManifest.xml:729:17
	android:name
		ADDED from AndroidManifest.xml:728:19
activity#com.example.android.apis.app.IncomingMessageView
ADDED from AndroidManifest.xml:736:9
	android:label
		ADDED from AndroidManifest.xml:737:17
	android:name
		ADDED from AndroidManifest.xml:736:19
activity#com.example.android.apis.app.IncomingMessageInterstitial
ADDED from AndroidManifest.xml:741:9
	android:label
		ADDED from AndroidManifest.xml:742:17
	android:excludeFromRecents
		ADDED from AndroidManifest.xml:746:17
	android:launchMode
		ADDED from AndroidManifest.xml:744:17
	android:theme
		ADDED from AndroidManifest.xml:743:17
	android:taskAffinity
		ADDED from AndroidManifest.xml:745:17
	android:name
		ADDED from AndroidManifest.xml:741:19
activity#com.example.android.apis.app.NotificationDisplay
ADDED from AndroidManifest.xml:754:9
	android:excludeFromRecents
		ADDED from AndroidManifest.xml:757:17
	android:noHistory
		ADDED from AndroidManifest.xml:758:17
	android:theme
		ADDED from AndroidManifest.xml:755:17
	android:taskAffinity
		ADDED from AndroidManifest.xml:756:17
	android:name
		ADDED from AndroidManifest.xml:754:19
activity#com.example.android.apis.app.StatusBarNotifications
ADDED from AndroidManifest.xml:761:9
	android:label
		ADDED from AndroidManifest.xml:762:17
	android:launchMode
		ADDED from AndroidManifest.xml:763:17
	android:name
		ADDED from AndroidManifest.xml:761:19
service#com.example.android.apis.app.NotifyingService
ADDED from AndroidManifest.xml:770:9
	android:name
		ADDED from AndroidManifest.xml:770:18
activity#com.example.android.apis.app.NotifyingController
ADDED from AndroidManifest.xml:772:9
	android:label
		ADDED from AndroidManifest.xml:772:59
	android:name
		ADDED from AndroidManifest.xml:772:19
activity#com.example.android.apis.app.AlertDialogSamples
ADDED from AndroidManifest.xml:780:9
	android:label
		ADDED from AndroidManifest.xml:780:58
	android:name
		ADDED from AndroidManifest.xml:780:19
activity#com.example.android.apis.app.SearchInvoke
ADDED from AndroidManifest.xml:794:9
	android:label
		ADDED from AndroidManifest.xml:795:19
	android:name
		ADDED from AndroidManifest.xml:794:19
meta-data#android.app.default_searchable
ADDED from AndroidManifest.xml:803:13
	android:value
		ADDED from AndroidManifest.xml:804:24
	android:name
		ADDED from AndroidManifest.xml:803:24
activity#com.example.android.apis.app.SearchQueryResults
ADDED from AndroidManifest.xml:818:9
	android:label
		ADDED from AndroidManifest.xml:819:19
	android:name
		ADDED from AndroidManifest.xml:818:19
intent-filter#android.intent.action.SEARCH+android.intent.category.DEFAULT
ADDED from AndroidManifest.xml:827:13
action#android.intent.action.SEARCH
ADDED from AndroidManifest.xml:828:17
	android:name
		ADDED from AndroidManifest.xml:828:25
meta-data#android.app.searchable
ADDED from AndroidManifest.xml:835:13
	android:resource
		ADDED from AndroidManifest.xml:836:24
	android:name
		ADDED from AndroidManifest.xml:835:24
provider#com.example.android.apis.app.SearchSuggestionSampleProvider
ADDED from AndroidManifest.xml:842:9
	android:authorities
		ADDED from AndroidManifest.xml:843:19
	android:name
		ADDED from AndroidManifest.xml:842:19
activity#com.example.android.apis.app.LauncherShortcuts
ADDED from AndroidManifest.xml:868:9
	android:label
		ADDED from AndroidManifest.xml:869:19
	android:name
		ADDED from AndroidManifest.xml:868:19
activity-alias#com.example.android.apis.app.CreateShortcuts
ADDED from AndroidManifest.xml:881:9
	android:label
		ADDED from AndroidManifest.xml:883:13
	android:targetActivity
		ADDED from AndroidManifest.xml:882:13
	android:name
		ADDED from AndroidManifest.xml:881:25
intent-filter#android.intent.action.CREATE_SHORTCUT+android.intent.category.DEFAULT
ADDED from AndroidManifest.xml:886:13
action#android.intent.action.CREATE_SHORTCUT
ADDED from AndroidManifest.xml:887:17
	android:name
		ADDED from AndroidManifest.xml:887:25
activity#com.example.android.apis.app.MenuInflateFromXml
ADDED from AndroidManifest.xml:895:9
	android:label
		ADDED from AndroidManifest.xml:895:58
	android:name
		ADDED from AndroidManifest.xml:895:19
activity#com.example.android.apis.app.DeviceAdminSample
ADDED from AndroidManifest.xml:904:9
	android:label
		ADDED from AndroidManifest.xml:905:17
	android:name
		ADDED from AndroidManifest.xml:904:19
receiver#com.example.android.apis.app.DeviceAdminSample$DeviceAdminSampleReceiver